[2026-06-22T01:36:47.983Z] cli.command
{
  "command": "search",
  "args": {
    "text": "Amazon silicone pop fidget coin purse product image",
    "limit": "5",
    "vendor": []
  }
}

[2026-06-22T01:36:47.983Z] http.request
{
  "url": "https://api.tavily.com/search",
  "method": "POST",
  "headers": {
    "Authorization": "Bearer t****",
    "Content-Type": "application/json"
  },
  "body": {
    "query": "Amazon silicone pop fidget coin purse product image",
    "max_results": 5,
    "include_answer": false
  }
}

[2026-06-22T01:36:49.898Z] http.response
{
  "url": "https://api.tavily.com/search",
  "statusCode": 200,
  "body": "{\"query\":\"Amazon silicone pop fidget coin purse product image\",\"follow_up_questions\":null,\"answer\":null,\"images\":[],\"results\":[{\"url\":\"https://www.amazon.in/SLINGVIBE-Silicone-Crossbody-Shoulder-Available/dp/B0F286DF9K\",\"title\":\"SLINGVIBE Popit Fidget Toy Coin Purse Set, Pack of 6 Pc Silicone ...\",\"content\":\"COMPLETE SET: Package includes 6 adorable cartoon pop fidget coin purses with a matching rainbow lanyard for versatile carrying options · DESIGN FEATURES: Each\",\"score\":0.77405477,\"raw_content\":null},{\"url\":\"https://www.amazon.com/pop-fidget-purse/s?k=pop+fidget+purse\",\"title\":\"Pop Fidget Purse - Amazon.com\",\"content\":\"Pop Shoulder Purse Fidget Toys Bag for Girls and Women, Rainbow Clouds Pop Shoulder Bag, Sensory Silicone Fidget Backpack Toy for ADHD Anxiety Stress Relief.\",\"score\":0.7237202,\"raw_content\":null},{\"url\":\"https://www.amazon.com/Tirdkid-Unicorn-Fashion-Crossbody-Bag%EF%BC%88Rose/dp/B09MT1FGW3\",\"title\":\"Amazon.com: Gifts for Kids 4 Packs Unicorn Purses Fashion Fidgets ...\",\"content\":\"Silicone; Imported; Unique Pop Purse：The pop fidget girl toys is now a Unicorn fidget bag！The colorful, cute and fun costume decorations pop shoulder bag\",\"score\":0.68090034,\"raw_content\":null},{\"url\":\"https://www.amazon.com/Unicorn-Shoulder-Backpack-Anxiety-Silicone/dp/B09KC42Q8H\",\"title\":\"Civan Small Pop Purse,Unicorn Pop Purse for Girl Boy and Women ...\",\"content\":\"【Safe Material 】Civan fidget handbag is made of food grade silicone, whichis soft to touch, With an adjustable shoulder strap, which can be freelyadjusted in\",\"score\":0.6803909,\"raw_content\":null},{\"url\":\"https://www.amazon.com/-/he/dp/B09BMQLBL3\",\"title\":\"Fingertips Fidget Coin Purses,Push Bubbles Pop It Handbag ...\",\"content\":\"Creative design: The design is inspired by pop it Fidget Toys, a fashionable decompression toy. Handbags are popular styles leading the fashion.\",\"score\":0.66229486,\"raw_content\":null}],\"response_time\":0.79,\"request_id\":\"f08ef0ba-ce81-448c-8bea-448ae2f0e60a\"}"
}

