[2026-06-19T13:39:20.382Z] cli.command
{
  "command": "search",
  "args": {
    "text": "Amazon waterproof picnic beach blanket product image examples",
    "limit": "5",
    "vendor": []
  }
}

[2026-06-19T13:39:20.383Z] http.request
{
  "url": "https://api.tavily.com/search",
  "method": "POST",
  "headers": {
    "Authorization": "Bearer t****",
    "Content-Type": "application/json"
  },
  "body": {
    "query": "Amazon waterproof picnic beach blanket product image examples",
    "max_results": 5,
    "include_answer": false
  }
}

[2026-06-19T13:39:22.311Z] http.response
{
  "url": "https://api.tavily.com/search",
  "statusCode": 200,
  "body": "{\"query\":\"Amazon waterproof picnic beach blanket product image examples\",\"follow_up_questions\":null,\"answer\":null,\"images\":[],\"results\":[{\"url\":\"https://www.amazon.com/%EF%BF%BCwaterproof-picnic-blanket/s?k=%EF%BF%BCwaterproof+picnic+blanket\",\"title\":\"Amazon.com: waterproof Picnic Blanket\",\"content\":\"SAMSIER Outdoor Picnic Blankets Waterproof Foldable, Large Beach Blanket Sandproof, Gingham Picnic Mat Cute Washable Portable (Navy Blue, 80\\\"×80\\\").\",\"score\":0.7323053,\"raw_content\":null},{\"url\":\"https://www.amazon.com/live/video/0783afa56f464b8c9c35382cf618eff7?ref_=dp_vse_rvc_8\",\"title\":\"Watch Waterproof foldable packable beach blanket on Amazon Live\",\"content\":\"# Watch Waterproof foldable packable beach blanket on Amazon Live. ## Skip to. To move between items, use your keyboard's up or down arrows. Select the department you want to search in. *   Create Your Free Business Account. Image 3: Amazon Live logo. Sign-in to see content from creators you follow. Find us again: Search for**Amazon Live**. Seek to live, currently behind live LIVE. # Waterproof foldable packable beach blanket. This influencer livestream is intended to provide you with information that you may find helpful to your purchasing decisions. You need to complete your public profile in order to start following people. Image 19: Ultimate Beach Essential - Sandproof Windproof Beach Blanket 1:53. Ultimate Beach Essential - Sandproof Windproof Beach BlanketJennifer Tarle - Favorites & Fun. Image 21: Beach Day Ready 24:54 Jul 3, 2025. Image 23: Beach Must Haves! Image 25: In My Bathroom LIVE. WATCH for a real time beach review!\",\"score\":0.71040785,\"raw_content\":null},{\"url\":\"https://www.seriouseats.com/best-picnic-blankets-8701918\",\"title\":\"To Find the Best Picnic Blankets, I Used Them in the Park and at the Beach\",\"content\":\"# The 7 Best Picnic Blankets of 2026, Tested & Reviewed. # To Find the 7 Best Picnic Blankets, I Used Them in the Park and at the Beach. The Yeti picnic blanket is so comfortable that I could fall asleep on it. Grace Kelly is a senior editor for Serious Eats, where she's tested thousands of kitchen products. Image 3: six picnic blankets folded up on grass:max_bytes(150000):strip_icc():format(webp)/sea-picnic-blankets-grace-kelly-4b6cd89ccdac4a1a840fa5b41f3072c5.jpg). And said cute picnic blanket is what arguably makes a picnic a picnic—without it, you’re just sitting on grass and getting stains on your trousers. I love hosting an outdoor dinner or lunch soirée, so I set out to find the best picnic blankets by testing 13 of them. Picnic Time Picnic Blanket with Harness at Amazon$126. Image 5: a person placing a dumbell on a picnic blanket on the grass:max_bytes(150000):strip_icc():format(webp)/sea-picnic-blankets-yeti-grace-kelly-fd91b3e9452b4e0cb4716eac63aa1bdd.jpg). Image 7: the yeti picnic blanket unfolded on the beach with a towel, sandals, sunscreen, and bag of popcorn on it:max_bytes(150000):strip_icc():format(webp)/sea-picnic-blankets-yeti-2-grace-kelly-1cadcd24388d4fd59c2f1162ada70843.jpg).\",\"score\":0.7016523,\"raw_content\":null},{\"url\":\"https://www.amazon.com/gp/new-releases/lawn-garden/23448667011\",\"title\":\"The best-selling new & future releases in Picnic Blankets\",\"content\":\"JACTUM 2 in 1 Tote Picnic Blanket Waterproof Outdoor Camping Mat,Large Capacity Beach Blanket 80''x80'' 7 Layers Easy to Foldable and Carry. #2.\",\"score\":0.63452125,\"raw_content\":null},{\"url\":\"https://www.amazon.com/Good-Gain-Waterproof-Portable-Playground/dp/B07Y85Z2MQ\",\"title\":\"G GOOD GAIN Waterproof Picnic Blanket Portable with Carry Strap ...\",\"content\":\"It easily folds to a compact tote 12\\\"L x 4\\\"W x 4\\\"H inches. Weighs Only 1.8 Pounds. Ideal for your next picnic, beach adventure, backyard party, camping,\",\"score\":0.6227582,\"raw_content\":null}],\"response_time\":0.81,\"request_id\":\"038d69a5-574e-4dfb-80df-b0172b4e40ab\"}"
}

