[2026-05-28T16:35:41.222Z] cli.command
{
  "command": "search",
  "args": {
    "text": "Amazon portable misting fan ecommerce image examples",
    "limit": "5",
    "vendor": []
  }
}

[2026-05-28T16:35:41.222Z] http.request
{
  "url": "https://api.tavily.com/search",
  "method": "POST",
  "headers": {
    "Authorization": "Bearer t****",
    "Content-Type": "application/json"
  },
  "body": {
    "query": "Amazon portable misting fan ecommerce image examples",
    "max_results": 5,
    "include_answer": false
  }
}

[2026-05-28T16:35:44.255Z] http.response
{
  "url": "https://api.tavily.com/search",
  "statusCode": 200,
  "body": "{\"query\":\"Amazon portable misting fan ecommerce image examples\",\"follow_up_questions\":null,\"answer\":null,\"images\":[],\"results\":[{\"url\":\"https://www.amazon.com/live/video/0d505ef336d240949061baa439276603\",\"title\":\"Watch The greatest Portable Misting Fan? on Amazon Live\",\"content\":\"Discover the ultimate portable misting fan! Straight Up Truth Reviews - It Is What It Is unboxes and tests this rechargeable wonder with 7 light modes.\",\"score\":0.9999833,\"raw_content\":null},{\"url\":\"https://www.tiktok.com/@elnazhamai/video/7644246821241490701\",\"title\":\"In Bio! Portable Misting Fan💦💙 - #amazonhome - #mistfan\",\"content\":\"random amazon finds that just slap. this gadget helps you get every last drop. out of your bottles of soap. shampoo ketchup. mustard and even\",\"score\":0.99997985,\"raw_content\":null},{\"url\":\"https://www.youtube.com/watch?v=midOKCuzMhY\",\"title\":\"Amazon Review Portable Misting Fan, 4 LED Lights & ...\",\"content\":\"Amazon Review Portable Misting Fan, 4 LED Lights & Stepless Speed. 818 views · 1 year ago. ORLANDO ...more\",\"score\":0.9999553,\"raw_content\":null},{\"url\":\"https://www.amazon.com/Best-Sellers-Misting-Fans/zgbs/lawn-garden/15194371011\",\"title\":\"Amazon Best Sellers: Best Misting Fans\",\"content\":\"Discover the best Misting Fans in Best Sellers. Find the top 100 most popular items in Amazon Patio, Lawn & Garden Best Sellers.\",\"score\":0.9999435,\"raw_content\":null},{\"url\":\"https://www.huffpost.com/entry/portable-misting-fan-amazon-sale_l_685971f0e4b0160204db8121\",\"title\":\"Beat Summer Heat With This Portable Misting Fan Over 30 ...\",\"content\":\"This portable fan blasts a cooling mix of mist and air plus it doubles as a power bank and an LED spotlight.\",\"score\":0.99991655,\"raw_content\":null}],\"response_time\":1.99,\"request_id\":\"0aab1837-15a1-45b6-b874-01d721beef46\"}"
}

