[2026-06-25T00:15:46.091Z] cli.command
{
  "command": "search",
  "args": {
    "text": "Amazon frosted plastic tumbler cup listing images features shatter resistant BPA free",
    "limit": "5",
    "vendor": []
  }
}

[2026-06-25T00:15:46.091Z] http.request
{
  "url": "https://api.tavily.com/search",
  "method": "POST",
  "headers": {
    "Authorization": "Bearer t****",
    "Content-Type": "application/json"
  },
  "body": {
    "query": "Amazon frosted plastic tumbler cup listing images features shatter resistant BPA free",
    "max_results": 5,
    "include_answer": false
  }
}

[2026-06-25T00:15:48.007Z] http.response
{
  "url": "https://api.tavily.com/search",
  "statusCode": 200,
  "body": "{\"query\":\"Amazon frosted plastic tumbler cup listing images features shatter resistant BPA free\",\"follow_up_questions\":null,\"answer\":null,\"images\":[],\"results\":[{\"url\":\"https://www.amazon.com/Arrow-Clear-Plastic-Tumblers-Break-Resistant/dp/B08M7MXQMZ\",\"title\":\"Arrow 6 oz Clear Plastic Tumblers - 6 pk - Break-Resistant ...\",\"content\":\"Must-Have Features - Our BPA free plastic tumblers are MADE IN THE USA, dishwasher safe, stackable, reusable, break resistant and durable. Ideal for\",\"score\":0.69697046,\"raw_content\":null},{\"url\":\"https://www.amazon.com/Resistant-Drinking-Reusable-Stackable-Tumblers/dp/B0FM7ZDL32\",\"title\":\"8 oz Plastic Cup 48 Pack Break Resistant Drinking Glasses ...\",\"content\":\"Elegant Functional Design: These stackable frosted cups have a frosted textured surface that offers a secure grip, reducing spills. Their transparent color\",\"score\":0.6216563,\"raw_content\":null},{\"url\":\"https://www.amazon.com/OZMOJOO-Food-Safe-Reusable-Milkshakes-Smoothies/dp/B0DKS8SDL7\",\"title\":\"[15 Pack] Reusable Translucent Plastic Cups with Lids and ...\",\"content\":\"Our 16 oz tumblers feature an elegant frosted translucent finish that is both stylish and durable. Made from high-quality, heavy-duty PP plastic, these cups are\",\"score\":0.5993685,\"raw_content\":null},{\"url\":\"https://www.amazon.com/Tumblers-Water-Glasses-Freezer-Safe/s?keywords=Tumblers+%26+Water+Glasses&rh=n%3A13218451%2Cp_n_g-1003202929111%3A23743192011&c=ts&ts_id=13218451\",\"title\":\"Freezer Safe / Tumblers & Water Glasses / Glassware &...\",\"content\":\"Freshmage 20 oz Unbreakable Drinking Glasses (Set of 8), Jewel Tone Colored Reusable Tumblers, BPA Free Plastic Drinking Cups for Home, Outdoor, Picnic, Pool,\",\"score\":0.5832277,\"raw_content\":null},{\"url\":\"https://www.amazon.com/personalized-frosted-cups/s?k=personalized+frosted+cups\",\"title\":\"Personalized Frosted Cups\",\"content\":\"100-Pack Personalized Frosted Shatterproof Cups,7/12/16oz Custom Disposable Cups for Wedding, Bridal Shower & Modern Party,Reusable Plastic Cups with Custom\",\"score\":0.5826579,\"raw_content\":null}],\"response_time\":0.87,\"request_id\":\"270689da-a3c6-48ee-8991-dfa5f75de4e4\"}"
}

