[2026-06-23T06:50:38.022Z] cli.command
{
  "command": "search",
  "args": {
    "text": "Amazon balaclava neck warmer main image ecommerce hero custom logo",
    "limit": "5",
    "vendor": []
  }
}

[2026-06-23T06:50:38.022Z] http.request
{
  "url": "https://api.tavily.com/search",
  "method": "POST",
  "headers": {
    "Authorization": "Bearer t****",
    "Content-Type": "application/json"
  },
  "body": {
    "query": "Amazon balaclava neck warmer main image ecommerce hero custom logo",
    "max_results": 5,
    "include_answer": false
  }
}

[2026-06-23T06:50:40.680Z] http.response
{
  "url": "https://api.tavily.com/search",
  "statusCode": 200,
  "body": "{\"query\":\"Amazon balaclava neck warmer main image ecommerce hero custom logo\",\"follow_up_questions\":null,\"answer\":null,\"images\":[],\"results\":[{\"url\":\"https://www.amazon.com/-/he/dp/B0GQG2PNDC\",\"title\":\"Balaclava Custom Neck Gaiter with Logo Custom Face Mask ...\",\"content\":\"Custom Custom Balaclava Neck Gaiter with Logo. Made Of High Polyester.Suitable for skiing, running, hiking, cycling, camping and other occasions. Multiple Uses\",\"score\":0.6847074,\"raw_content\":null},{\"url\":\"https://www.amazon.com/Balaclava-Customized-Personalized-Headband-Headwrap/dp/B0DBQ6CZ3Z\",\"title\":\"Custom Neck Gaiter Balaclava Customized Add Your Photo Text ...\",\"content\":\"Customize your unique neck mask by adding your own photo, logo, image, or text, and click the \\\"Customize Now\\\" button to place your design on the scarf.\",\"score\":0.6213807,\"raw_content\":null},{\"url\":\"https://www.amazon.com/custom-neck-gaiter/s?k=custom+neck+gaiter\",\"title\":\"Custom Neck Gaiter - Amazon.com\",\"content\":\"Custom Neck Gaiter Balaclava Personalized Headband. Customized Balaclava for Men Women Options: 2 images, 2 text\",\"score\":0.52422476,\"raw_content\":null},{\"url\":\"https://www.amazon.ie/UUOEOOWU-Custom-Bandana-Cycling-Balaclava/dp/B0GL27379G\",\"title\":\"Custom Bandana Neck Gaiter for Hiking Cycling Men Women Wrap ...\",\"content\":\"Custom Bandana Neck Gaiter for Hiking Cycling Men Women Wrap Scarf Balaclava Warmer · Product gallery · Browse all categories.\",\"score\":0.46264356,\"raw_content\":null},{\"url\":\"https://blackstrap.com/pages/custom-products-by-blackstrap\",\"title\":\"Custom Balaclavas, Neck Warmers & Gear | BlackStrap®\",\"content\":\"Submit your logo, art design, and any branding requirements. 5. We'll work to create your unique custom design. What are the art requirements?\",\"score\":0.43640643,\"raw_content\":null}],\"response_time\":1.59,\"request_id\":\"ca3fc320-d4b9-4f1b-810b-534fd3efd4e8\"}"
}

