[2026-06-24T16:41:15.802Z] cli.command
{
  "command": "search",
  "args": {
    "text": "Amazon survival fire starter flint product listing infographic example",
    "limit": "5",
    "vendor": []
  }
}

[2026-06-24T16:41:15.803Z] http.request
{
  "url": "https://api.tavily.com/search",
  "method": "POST",
  "headers": {
    "Authorization": "Bearer t****",
    "Content-Type": "application/json"
  },
  "body": {
    "query": "Amazon survival fire starter flint product listing infographic example",
    "max_results": 5,
    "include_answer": false
  }
}

[2026-06-24T16:41:18.431Z] http.response
{
  "url": "https://api.tavily.com/search",
  "statusCode": 200,
  "body": "{\"query\":\"Amazon survival fire starter flint product listing infographic example\",\"follow_up_questions\":null,\"answer\":null,\"images\":[],\"results\":[{\"url\":\"https://www.amazon.com/GANAZONO-Survival-Stainless-Generator-Emergency/dp/B0GV8MPJVV\",\"title\":\"GANAZONO 25pcs Survival Flint Scraper Fire Starter Tool ...\",\"content\":\"Spacesaving design: compact size ensures it won't take up much room in your gear, making it suitable for minimalist adventurers,outdoor fire lighter,backpacking\",\"score\":0.5151571,\"raw_content\":null},{\"url\":\"https://www.youtube.com/watch?v=Ho5H9atFyNk\",\"title\":\"The PERFECT Complete Fire Starter!\",\"content\":\"Fire Starter Survival Tool: https://amzn.to/4iVN6Qn. The PERFECT Complete Fire Starter! Wilderness Strong Flint & Steel Complete. Fire Starter\",\"score\":0.35723165,\"raw_content\":null},{\"url\":\"https://us.amazon.com/Best-Sellers-Fire-Starters/zgbs/sporting-goods/2204647011\",\"title\":\"Amazon Best Sellers: Best Fire Starters\",\"content\":\"# Amazon Best Sellers. # Best Sellers in Fire Starters. 10lb Fatwood Fire Starter Sticks | 100% Natural Fire Starters for Campfires, Firepit, Fireplaces, BBQ, Wood Stoves | Easy Ign. Duraflame Fire Starter for Indoor and Outdoor Use - Quick Ignition Logs for BBQ, Fireplace, Fire Pit and Campfires (24 Pack). Fire Starter Squares, 160 pcs - Charcoal Fire Starters for Campfires, Grill, Outdoor Pit, Fireplace, Wood Stove, BBQ - Firest. Duraflame Firestart Indoor/Outdoor Firelighters - Quick Ignition for BBQ, Fireplace, Fire Pit and Campfires. FlameFox Fire Starter Cubes 320 pcs - Quick Natural Fire Starters for Campfires, BBQ Grill, Fireplace, Fire Pit, Wood Stove,. TIKI Fire Starter 20-Pack – Easy-to-Use Wood Pellet Fire Starters for Smokeless Outdoor Fire Pits & Indoor Fireplaces, Quick. LANXUANR Solid Fuel Tablets Fire Starter for Fireplace, for Indoor and Outdoor use, for Campfires, BBQ, Fire Starters for Gri. Heatcraft Premium Kiln Dried Wood Kindling for Pizza Ovens, Tabletop Fire Pits & Campfires.\",\"score\":0.26879302,\"raw_content\":null},{\"url\":\"https://www.instagram.com/reel/DP995rojvUa\",\"title\":\"Can You STILL Start a Fire Like This? #survival ...\",\"content\":\"So, all you need is a flint and steel, a tin like this, and some charcoal and boom. So, there you go. That's how you start a fire using Flint\",\"score\":0.25943658,\"raw_content\":null},{\"url\":\"https://survivalskills.guide/long-term-firestarter\",\"title\":\"7 Best Firestarters for Long Term Survival\",\"content\":\"The Flint and Steel is a time proven way to start a fire. And although it requires char cloth or a tinder fungus to catch a tiny spark it could start 50,000\",\"score\":0.25684175,\"raw_content\":null}],\"response_time\":1.57,\"request_id\":\"e52f1b2f-6956-4ae0-8fec-74d2c8ba16f1\"}"
}

