[2026-06-19T15:29:34.090Z] cli.command
{
  "command": "search",
  "args": {
    "text": "Amazon ski goggles product listing images lifestyle infographic dimension chart material detail examples",
    "limit": "5",
    "vendor": []
  }
}

[2026-06-19T15:29:34.091Z] http.request
{
  "url": "https://api.tavily.com/search",
  "method": "POST",
  "headers": {
    "Authorization": "Bearer t****",
    "Content-Type": "application/json"
  },
  "body": {
    "query": "Amazon ski goggles product listing images lifestyle infographic dimension chart material detail examples",
    "max_results": 5,
    "include_answer": false
  }
}

[2026-06-19T15:29:37.299Z] http.response
{
  "url": "https://api.tavily.com/search",
  "statusCode": 200,
  "body": "{\"query\":\"Amazon ski goggles product listing images lifestyle infographic dimension chart material detail examples\",\"follow_up_questions\":null,\"answer\":null,\"images\":[],\"results\":[{\"url\":\"https://www.youtube.com/watch?v=uV9QoQa4q3I\",\"title\":\"The 10 Best Budget Ski Goggles Under $100 of 2026 (Don't Overpay)\",\"content\":\"Master https://outdoormaster.com/products/pro-magnetic-ski-goggles?ref=ZL-D3nFvH9FBrK&utm_medium=inhouse&utm_source=affiliate From Amazon\",\"score\":0.4543517,\"raw_content\":null},{\"url\":\"https://bettertrail.com/outdoor-gear/best-ski-goggles\",\"title\":\"Best Ski Goggles of 2026 | Better Trail\",\"content\":\"Two skiers riding a chairlift and laughing wearing ski goggles. # Best Ski Goggles of 2026. It’s easy to get bogged down in ski goggle research, so let us take the wheel. To build this guide, our dedicated ski gear testers got out on snow and put a wide range of goggles through real-world testing—from budget-friendly options to premium designs—evaluating and comparing them across key performance areas. As you dig in, you can browse our in-house photo galleries, review detailed ratings for each product, and sort by factors like optical quality, field of view, ventilation, and more. Showing foam frame of Smith 4D Mag Ski Goggles. Riding chairlift in Smith 4D Mag Ski Goggles. Skiing corn in Smith 4D Mag Ski Goggles. Adjusting Smith 4D Mag Ski Goggles on helmet. Smith 4D Mag Ski Goggles removable lens. Smith 4D Mag Ski Goggles ventilation and frame. Smith 4D Mag Ski Goggles and ski helmet. Adjusting strap of Smith 4D Mag Ski Goggles.\",\"score\":0.4330947,\"raw_content\":null},{\"url\":\"https://www.boardsportsource.com/retail-buyers-guide/snow-goggles-f-w-2026-27-retail-buyers-guide\",\"title\":\"Snow Goggles F/W 2026/27 Retail Buyer's Guide - Boardsport SOURCE\",\"content\":\"100% Snow Goggles F/W 2026/27 Preview. While brands make sure to keep a good assortment of entry level models for users on a budget, the traction of higher end models is strong, and so is the commitment of brands to deliver them. Rossignol Snow Goggles F/W 2026/27 Preview. Comfort is enhanced by a good adaptation to the face, a secure fit over the helmet, weight management and enhanced field of view. The quality and quantity of the foam used can make a difference to the way the goggle adjusts to the face. POC Snow Goggles F/W 2026/27 Preview. Their MFI® magnetic system offers a secure and comfortable fit of the facemask and the goggle. Giro Snow Goggles F/W 2026/27 Preview. Salomon Snow Goggles F/W 2026/27 Preview. Adidas Snow Goggles F/W 2026/27 Preview. Phieres Snow Goggles F/W 2026/27 Preview. Dragon Snow Goggles F/W 2026/27 Preview. Smith Snow Goggles F/W 2026/27 Preview. Head Snow Goggles F/W 2026/27 Preview. Sweet Snow Goggles F/W 2026/27 Preview.\",\"score\":0.3355473,\"raw_content\":null},{\"url\":\"https://www.treelinereview.com/gearreviews/best-ski-goggles\",\"title\":\"6 Best Ski Goggles of 2026 (Tested & Reviewed)\",\"content\":\"## Expert tested ski goggles for resort skiing and backcountry days. Your goggles are your window to the mountain—get it wrong, and visibility suffers when it matters most. The best ski goggles deliver clear optics, a secure fit, and features that support long days on snow. We evaluated lens technologies (VLT ranges, contrast-enhancing optics, and quick-change systems), frame ventilation, fit across different face shapes and helmet pairings, peripheral vision, and fog resistance. Its magnetic quick-change lens system, ChromaPop optics, and wide range of sizes make it one of the most versatile and reliable ski goggles for most skiers. ## Best Ski Goggles for Most People: Smith I/O Mag with Chromapop Lens. Smith I/O Mag with Chromapop Lens. The Smith I/O Mag features a spherical lens shape, comes with two differently tinted lenses (one of which is a low light lens), and is available in more sizes than any goggles we considered—making it the most size inclusive ski goggles.\",\"score\":0.33522078,\"raw_content\":null},{\"url\":\"https://www.cognitivemarketresearch.com/skiing-goggles-market-report\",\"title\":\"Skiing Goggles Market Analysis 2026 - Cognitive Market Research\",\"content\":\"This analysis provides a strategic roadmap for the Skiing Goggles market by detailing the core forces that shape the consumer goods industry. Understand the\",\"score\":0.31415623,\"raw_content\":null}],\"response_time\":2.13,\"request_id\":\"f32d72e6-9b23-4533-bd1f-553d8fd70ccf\"}"
}

