[2026-06-22T12:59:47.322Z] cli.command
{
  "command": "search",
  "args": {
    "text": "Amazon camping lantern solar LED light listing image examples",
    "limit": "3",
    "vendor": []
  }
}

[2026-06-22T12:59:47.323Z] http.request
{
  "url": "https://api.tavily.com/search",
  "method": "POST",
  "headers": {
    "Authorization": "Bearer t****",
    "Content-Type": "application/json"
  },
  "body": {
    "query": "Amazon camping lantern solar LED light listing image examples",
    "max_results": 3,
    "include_answer": false
  }
}

[2026-06-22T12:59:49.348Z] http.response
{
  "url": "https://api.tavily.com/search",
  "statusCode": 200,
  "body": "{\"query\":\"Amazon camping lantern solar LED light listing image examples\",\"follow_up_questions\":null,\"answer\":null,\"images\":[],\"results\":[{\"url\":\"https://www.amazon.com/Lepwings-Camping-Rechargeable-Dimmable-Charging/dp/B09XM4DC8W\",\"title\":\"Amazon.com: Solar Camping Lantern, Rechargeable Battery Powered Camping Light 6000mAh Up to 80HRS Lasting, Dimmable Night Lamp, Survival gear for Emergency, Power Outages, Outdoor, Indoor : Sports & Outdoors\",\"content\":\"# Amazon.com: Solar Camping Lantern, Rechargeable Battery Powered Camping Light 6000mAh Up to 80HRS Lasting, Dimmable Night Lamp, Survival gear for Emergency, Power Outages, Outdoor, Indoor : Sports & Outdoors. ## Skip to. *   Add to cart shift+opt+K. *   Product summary shift+opt+D. To move between items, use your keyboard's up or down arrows. Select the department you want to search in. *   Find a List or Registry. *   Create Your Free Business Account. # Product summary presents key product information. Complete Protect: One plan covers all eligible past and future purchases (Best Value) $16.99/month. More details: Complete Protect: One plan covers all eligible past and future purchases (Best Value). *   Image 18: Solar Camping Lantern, Rechargeable Battery Powered Camping Light 6000mAh Up to 80HRS Lasting, Dimmable Night Lamp, Survival gear for Emergency, Power Outages, Outdoor, Indoor.\",\"score\":0.7318455,\"raw_content\":null},{\"url\":\"https://www.amazon.com/Solar-Camping-Lanterns-Remote-Light/dp/B0CRKXLFVP\",\"title\":\"Solar Camping Lanterns Remote Tent Light - 4000LM Portable LED ...\",\"content\":\"【Ultra Bright & 12 Hours Run Time 】The solar camping light contains 120 piece LED bulbs of 4000LM, which can light up for 12 hours when fully charged.\",\"score\":0.6952351,\"raw_content\":null},{\"url\":\"https://www.amazon.com/Best-Sellers-Camping-Lanterns/zgbs/sporting-goods/3401371\",\"title\":\"Amazon Best Sellers: Best Camping Lanterns\",\"content\":\"FLY2SKY Portable LED Tent Lamp Emergency Lights with Hook, Hurricane Bulb Lantern Equipment for Camping, Hiking, Backpacking, Fishing Outage, Multicolor, 4 Pack. Collapsible Portable LED Camping Lantern XTAUTO Lightweight Waterproof Solar USB Rechargeable LED Flashlight Survival Kits for Indoor Outdoor Home Emergency Light Power Outages Hiking Hurricane 4-Pack. Etekcity Lantern Camping Essentials Lights, Led Flashlight for Power Outages, Battery Operated Lamp for Emergencies, Survival Gear, Hurricane Preparedness Items, Water Resistant, 2 Pack, Black. Etekcity Lantern Camping Essentials Lights, Led Flashlight for Power Outages, Battery Operated Lamp for Emergencies, Survival. Consciot LED Battery Powered Camping Lantern, 1000LM, 4 Light Modes, IPX4 Waterproof Portable Tent Flashlight for Power Outages, Emergency, Hurricane, Hiking, Light Green, 2-Pack. 2 Pack Camping Lanterns Camping Accessories USB Rechargeable and Battery Powered 2-in-1 LED Lanterns, Hurricane Lights with Flashlight and Magnet Base for Camping, Hiking, Emergency, Outage. Lepro 1000LM Battery Powered LED Camping Lantern, Green Tent Light with 4 Light Modes, Camping Essentials, Waterproof Lantern Flashlight for Camping, Emergency Light, Power Outages, Not Rechargeable.\",\"score\":0.6836946,\"raw_content\":null}],\"response_time\":0.98,\"request_id\":\"bd4ffe7f-4d29-4e1f-98ed-57ea1dd11f1c\"}"
}

