[2026-05-28T19:14:17.457Z] cli.command
{
  "command": "search",
  "args": {
    "text": "Amazon canvas tote bag product image examples ecommerce",
    "limit": "3",
    "vendor": []
  }
}

[2026-05-28T19:14:17.458Z] http.request
{
  "url": "https://api.tavily.com/search",
  "method": "POST",
  "headers": {
    "Authorization": "Bearer t****",
    "Content-Type": "application/json"
  },
  "body": {
    "query": "Amazon canvas tote bag product image examples ecommerce",
    "max_results": 3,
    "include_answer": false
  }
}

[2026-05-28T19:14:19.609Z] http.response
{
  "url": "https://api.tavily.com/search",
  "statusCode": 200,
  "body": "{\"query\":\"Amazon canvas tote bag product image examples ecommerce\",\"follow_up_questions\":null,\"answer\":null,\"images\":[],\"results\":[{\"url\":\"https://www.amazon.com/s?k=canvas+grocery+tote+bag&ref=sr_rib_m_web_qb_1_0_a_attrib_Canvas_1\",\"title\":\"Canvas Grocery Tote Bag - Amazon.com\",\"content\":\"VeraMia Canvas Grocery Bag 3pc XL Set with Real Pockets, Long Shoulder Strap and Short Handle. Heavy Duty, Foldable, Washable · 1K+ bought in past month.\",\"score\":0.5637388,\"raw_content\":null},{\"url\":\"https://www.amazon.com/TOPDesign-Stylish-External-Closure-Essentials/dp/B083DHKJS5\",\"title\":\"TOPDesign 1 | 3 | 6 | 30 Pack Canvas Tote Bag with an External ...\",\"content\":\"LARGE CAPACITY & DURABILITY: the size is 21\\\" x 15\\\" x 6\\\" and it is made of heavy duty 100% 12oz cotton canvas with 8\\\" x 8\\\" outside pocket for carrying small\",\"score\":0.542161,\"raw_content\":null},{\"url\":\"https://www.amazon.com/Goodbag-Personalized-Canvas-Tote-Picture/dp/B08CV3N2CX\",\"title\":\"Goodbag Personalized Canvas Tote Bag – Add Picture Logo or Text\",\"content\":\"About this item. Use our easy online design to add your text and image. Send us a message if you have questions or special requests about your design idea.\",\"score\":0.5278769,\"raw_content\":null}],\"response_time\":1.13,\"request_id\":\"6d981e44-54d8-4ae0-a368-2e9a10272d25\"}"
}

