[2026-06-18T14:55:12.545Z] cli.command
{
  "command": "search",
  "args": {
    "text": "Amazon sports training vest listing image breathable mesh pinnie SKU colors",
    "limit": "5",
    "vendor": []
  }
}

[2026-06-18T14:55:12.545Z] http.request
{
  "url": "https://api.tavily.com/search",
  "method": "POST",
  "headers": {
    "Authorization": "Bearer t****",
    "Content-Type": "application/json"
  },
  "body": {
    "query": "Amazon sports training vest listing image breathable mesh pinnie SKU colors",
    "max_results": 5,
    "include_answer": false
  }
}

[2026-06-18T14:55:14.506Z] http.response
{
  "url": "https://api.tavily.com/search",
  "statusCode": 200,
  "body": "{\"query\":\"Amazon sports training vest listing image breathable mesh pinnie SKU colors\",\"follow_up_questions\":null,\"answer\":null,\"images\":[],\"results\":[{\"url\":\"https://www.amazon.com/Football-Training-Scrimmage-Campus-Competitions/dp/B07YDNQVG2\",\"title\":\"Mesh Training Vests, 12 Pack Polyester Sports Pinnies for Football ...\",\"content\":\"Set includes 12 high-quality polyester mesh training vests designed for breathability and comfort. Style Color #35343 Style. Soccer Basketball (Color : Green)\",\"score\":0.8025714,\"raw_content\":null},{\"url\":\"https://www.amazon.ie/GSi-Sports-Pinnies-Training-Basketball/dp/B07YP9R4CG\",\"title\":\"GSi Sports Pinnies - Pack of 06 - Free Size for Youth/Adult - Amazon.ie\",\"content\":\"GSi Sports Pinnies – Packs of 6 or 12 – Free Size – Mesh Training Vests for Soccer, Basketball – 5 Color Options, Green, L : Amazon.ie: Sports & Outdoors.\",\"score\":0.72675586,\"raw_content\":null},{\"url\":\"https://www.amazon.com/TOPTIE-Reversible-Training-Football-Pinnies/dp/B09HTNWYZG\",\"title\":\"TopTie Reversible Training Vests Two Sides Sports Vest Football ...\",\"content\":\"100% polyester mesh cloth, breathable mesh cloth design, breathable and dry. The Reversible vest is stitched together from two single-color vests,\",\"score\":0.6947383,\"raw_content\":null},{\"url\":\"https://www.amazon.com/Best-Sellers-Team-Practice-Vests/zgbs/sporting-goods/23621709011\",\"title\":\"Amazon Best Sellers: Best Team Practice Vests\",\"content\":\"#1 Athllete LITEMESH Pinnies (Set of 12/24 Practice Vests) Breathable Mesh Soccer Pinnies, Training Vest (12 Pack)\",\"score\":0.62633044,\"raw_content\":null},{\"url\":\"https://www.amazon.com/PowerNet-Training-Football-Basketball-Lightweight/dp/B0DS9H6SH5\",\"title\":\"Amazon.com: PowerNet Small Medium Training Mesh Pinnies\",\"content\":\"PowerNet Pinnies are well made with elastic straps for a comfortable fit; Designed with breathable mesh the pinnies allow airflow to avoid overheating.\",\"score\":0.572078,\"raw_content\":null}],\"response_time\":0.88,\"request_id\":\"0220705f-68be-4958-bb63-f4aca41b6a65\"}"
}

