[2026-06-22T02:07:28.255Z] cli.command
{
  "command": "search",
  "args": {
    "text": "Amazon perpetual calendar alarm clock pen holder ecommerce product image",
    "limit": "5",
    "vendor": []
  }
}

[2026-06-22T02:07:28.258Z] http.request
{
  "url": "https://api.tavily.com/search",
  "method": "POST",
  "headers": {
    "Authorization": "Bearer t****",
    "Content-Type": "application/json"
  },
  "body": {
    "query": "Amazon perpetual calendar alarm clock pen holder ecommerce product image",
    "max_results": 5,
    "include_answer": false
  }
}

[2026-06-22T02:07:30.676Z] http.response
{
  "url": "https://api.tavily.com/search",
  "statusCode": 200,
  "body": "{\"query\":\"Amazon perpetual calendar alarm clock pen holder ecommerce product image\",\"follow_up_questions\":null,\"answer\":null,\"images\":[],\"results\":[{\"url\":\"https://www.amazon.com/Digital-Perpetual-Calendar-Multifunctional-Electronic/dp/B0DTKJSKQP\",\"title\":\"Amazon.com: CDQL Digital Alarm Clock Pen Holder, Pencil Holder ...\",\"content\":\"Buy CDQL Digital Alarm Clock Pen Holder, Pencil Holder, Perpetual Calendar Pen Holder ... Product image gallery.\",\"score\":0.8127637,\"raw_content\":null},{\"url\":\"https://www.amazon.com/POCREATION-Electronic-Calendar-Colorful-Organizer/dp/B0F7HS2NKX\",\"title\":\"POCREATION Electronic Clock Pen Holder with Calendar, Alarm ...\",\"content\":\"[Durable Plastic Construction] Crafted from plastic, this electronic clock perpetual calendar pen holder is built to last. enjoy a rugged and stable design\",\"score\":0.76951396,\"raw_content\":null},{\"url\":\"https://www.amazon.com/Perpetual-Multicolor-Temperature-Fahrenheit-Electronic/dp/B0F331SB29\",\"title\":\"Amazon.com: Perpetual Calendar Pen Holder, Digital Clock Desk ...\",\"content\":\"Multi Functional Design: This perpetual calendar pen holder combines a perpetual calendar, pencil holder, and alarm clock in a compact unit.\",\"score\":0.7596005,\"raw_content\":null},{\"url\":\"https://www.amazon.com/Functional-Perpetual-Calendar-Temperature-Organizer/dp/B0DSD642N7\",\"title\":\"Clock and Pen Holder, Multi Functional LCD Digital Alarm Clock ...\",\"content\":\"Clock and Pen Holder, Multi Functional LCD Digital Alarm Clock,Pen Holder for Desk with Perpetual Calendar Temperature Display Timer,Desktop Storage Organizer.\",\"score\":0.75464433,\"raw_content\":null},{\"url\":\"https://www.amazon.com/Grcfumo-Digital-Holder-Electronic-Calendar/dp/B0DLBKP85R\",\"title\":\"Amazon.com: Grcfumo Digital Alarm Clock Pen Holder, Electronic ...\",\"content\":\"DECORATIVE: The digital alarm clock pen holder serves as both a functional timepiece and a stylish desk ornament. With its slick design in black and gray\",\"score\":0.7323053,\"raw_content\":null}],\"response_time\":1.16,\"request_id\":\"894f84a9-4542-4280-94b5-17bdc974b48c\"}"
}

