[2026-06-23T06:37:07.644Z] cli.command
{
  "command": "search",
  "args": {
    "text": "Amazon paper popcorn boxes charcuterie cups main image ecommerce hero product",
    "limit": "5",
    "vendor": []
  }
}

[2026-06-23T06:37:07.645Z] http.request
{
  "url": "https://api.tavily.com/search",
  "method": "POST",
  "headers": {
    "Authorization": "Bearer t****",
    "Content-Type": "application/json"
  },
  "body": {
    "query": "Amazon paper popcorn boxes charcuterie cups main image ecommerce hero product",
    "max_results": 5,
    "include_answer": false
  }
}

[2026-06-23T06:37:09.650Z] http.response
{
  "url": "https://api.tavily.com/search",
  "statusCode": 200,
  "body": "{\"query\":\"Amazon paper popcorn boxes charcuterie cups main image ecommerce hero product\",\"follow_up_questions\":null,\"answer\":null,\"images\":[],\"results\":[{\"url\":\"https://www.amazon.com/IWOWHERO-Multipurpose-Charcuterie-Holders-Popcorn/dp/B0DKNK2XHB\",\"title\":\"IWOWHERO 100pcs Kraft Paper Snack Cups Multipurpose ...\",\"content\":\"100pcs Kraft Paper Snack Cups Multipurpose Charcuterie Snack Holders for French Fries Popcorn and Treats for Parties Events and Takeout · Purchase options and\",\"score\":0.68798697,\"raw_content\":null},{\"url\":\"https://www.amazon.com/PRETYZOOM-Decorative-Containers-Supplies-Charcuterie/dp/B0DVPVLSTC\",\"title\":\"PRETYZOOM 6pcs Popcorn Paper Bowl Decorative Snack ...\",\"content\":\"Product Summary: PRETYZOOM 6pcs Popcorn Paper Bowl Decorative Snack Containers for Movie Night Party Supplies Movie Theater Popcorn Box Charcuterie Cups.\",\"score\":0.6543875,\"raw_content\":null},{\"url\":\"https://www.amazon.com/Popcorn-Paper-French-Holders-Birthday/dp/B0D988RKZB\",\"title\":\"JECOMPRIS Boxes 48 Pack Paper Popcorn Cups 4.52X2.75 Inches ...\",\"content\":\"Core Functionality: This popcorn box set includes 48 pink striped paper boxes measuring approximately 4.5 by 2.75 by 0.4 inches, designed specifically as\",\"score\":0.6133529,\"raw_content\":null},{\"url\":\"https://www.amazon.com/Popcorn-Supplies-Cookie-Containers-Birthday/dp/B0BWDV8B9S\",\"title\":\"Amazon.com: TaoBary 24 Pcs Hero Party Favors Popcorn Boxes ...\",\"content\":\"Hero Theme Party Favor Boxes: you will get 24 hero theme party popcorn boxes with 6 different prints, popcorn box features a cityscape and various comic\",\"score\":0.55362654,\"raw_content\":null},{\"url\":\"https://www.amazon.com/SHERCHPRY-Popcorn-Scalloped-Snacks-Treats/dp/B0GSGPQTNB\",\"title\":\"SHERCHPRY 36pcs Blue Paper Popcorn Boxes with Scalloped ...\",\"content\":\"Good and reliable: crafted from good and thick paper, these popcorn bags are sturdy enough to hold snacks without bending or breaking,small popcorn bowls\",\"score\":0.46905875,\"raw_content\":null}],\"response_time\":0.96,\"request_id\":\"5c875fa1-bbed-4dd2-a501-c47201661474\"}"
}

