[2026-06-19T20:55:47.295Z] cli.command
{
  "command": "search",
  "args": {
    "text": "Amazon zipper document pouch product listing image oxford zipper pouch",
    "limit": "3",
    "vendor": []
  }
}

[2026-06-19T20:55:47.296Z] http.request
{
  "url": "https://api.tavily.com/search",
  "method": "POST",
  "headers": {
    "Authorization": "Bearer t****",
    "Content-Type": "application/json"
  },
  "body": {
    "query": "Amazon zipper document pouch product listing image oxford zipper pouch",
    "max_results": 3,
    "include_answer": false
  }
}

[2026-06-19T20:55:49.328Z] http.response
{
  "url": "https://api.tavily.com/search",
  "statusCode": 200,
  "body": "{\"query\":\"Amazon zipper document pouch product listing image oxford zipper pouch\",\"follow_up_questions\":null,\"answer\":null,\"images\":[],\"results\":[{\"url\":\"https://www.amazon.com/Enyuwlcm-Zippered-Document-Carrying-H-Black/dp/B0B97CZ1NF\",\"title\":\"Enyuwlcm Oxford Zippered Document Bag with Handle File Tote ...\",\"content\":\"DURABLE: This document bag with zipper is made of high-quality oxford cloth which is waterproof, anti-wrinkle, tear resistant, study.\",\"score\":0.77913743,\"raw_content\":null},{\"url\":\"https://www.amazon.com/SHERCHPRY-Organizer-Reinforced-Magazines-Easy-Clean/dp/B0G5HZ91RP\",\"title\":\"SHERCHPRY 8PCS Oxford Zipper File Organizer Pouch for School ...\",\"content\":\"Bag for important documents--waterproof oxford cloth material, convenient and easy to clean, not easy to break,document file zipper folders; Oxford zipper\",\"score\":0.74563974,\"raw_content\":null},{\"url\":\"https://www.amazon.com/CIYODO-Storage-Document-Stationery-Organization/dp/B0G5WXD2YH\",\"title\":\"12Pcs A6 Zipper Storage Pouch Set Oxford Cloth Document Holder ...\",\"content\":\"12Pcs A6 Zipper Storage Pouch Set Oxford Cloth Document Holder Stationery Bags for Office and School Organization · Product gallery · Browse all categories.\",\"score\":0.7420672,\"raw_content\":null}],\"response_time\":0.95,\"request_id\":\"1a7ec449-2cb7-4ede-8681-e828de711049\"}"
}

