[2026-06-24T22:17:33.197Z] cli.command
{
  "command": "search",
  "args": {
    "text": "Amazon multifunctional golf divot tool knife listing image golf accessory",
    "limit": "3",
    "vendor": []
  }
}

[2026-06-24T22:17:33.197Z] http.request
{
  "url": "https://api.tavily.com/search",
  "method": "POST",
  "headers": {
    "Authorization": "Bearer t****",
    "Content-Type": "application/json"
  },
  "body": {
    "query": "Amazon multifunctional golf divot tool knife listing image golf accessory",
    "max_results": 3,
    "include_answer": false
  }
}

[2026-06-24T22:17:35.245Z] http.response
{
  "url": "https://api.tavily.com/search",
  "statusCode": 200,
  "body": "{\"query\":\"Amazon multifunctional golf divot tool knife listing image golf accessory\",\"follow_up_questions\":null,\"answer\":null,\"images\":[],\"results\":[{\"url\":\"https://www.amazon.com/Golf-Divot-Tools-264072-On-Course-Accessories/s?keywords=Golf+Divot+Tools&rh=n%3A3411051%2Cp_123%3A264072&c=ts&ts_id=3411051\",\"title\":\"264072 / Golf Divot Tools / On-Course Golf Accessories\",\"content\":\"Results · Victorinox Swiss Army Golf 10 Functions Multi-Tool, Red Transparent · Victorinox 0.7052.3 Golf Tool, Black, Golf Fork, Ball Marker with Marker, Repair\",\"score\":0.75312227,\"raw_content\":null},{\"url\":\"https://www.amazon.com/Best-Sellers-Golf-Divot-Tools/zgbs/sporting-goods/3411051\",\"title\":\"Best Golf Divot Tools\",\"content\":\"Styglad Multifunctional Golf Divot Repair Tool with Strong Magnetic Golf Ball Marker & Hat Clip, Metal Golf Divot Tool with Alignment Ball Marker, Universal,\",\"score\":0.73023266,\"raw_content\":null},{\"url\":\"https://us.amazon.com/Arttodo-Repair-Stainless-Foldable-Accessories/dp/B0FR4XQ7JT\",\"title\":\"Arttodo Golf Divot Repair Tool, Stainless Steel Foldable ...\",\"content\":\"Golf Divot Repair Tool: Foldable golf divot tool is designed for single-handed operation, opens and closes smoothly. Easily repair divots and keep greens in\",\"score\":0.69498676,\"raw_content\":null}],\"response_time\":0.93,\"request_id\":\"4612b097-991b-4c7a-a929-3fa69436a50f\"}"
}

