[2026-06-19T22:57:42.459Z] cli.command
{
  "command": "search",
  "args": {
    "text": "Amazon golf shoe bag listing images polyester shoe storage bag features",
    "limit": "5",
    "vendor": []
  }
}

[2026-06-19T22:57:42.460Z] http.request
{
  "url": "https://api.tavily.com/search",
  "method": "POST",
  "headers": {
    "Authorization": "Bearer t****",
    "Content-Type": "application/json"
  },
  "body": {
    "query": "Amazon golf shoe bag listing images polyester shoe storage bag features",
    "max_results": 5,
    "include_answer": false
  }
}

[2026-06-19T22:57:44.390Z] http.response
{
  "url": "https://api.tavily.com/search",
  "statusCode": 200,
  "body": "{\"query\":\"Amazon golf shoe bag listing images polyester shoe storage bag features\",\"follow_up_questions\":null,\"answer\":null,\"images\":[],\"results\":[{\"url\":\"https://www.amazon.com/Breathable-Portable-Storage-Polyester-Lightweight/dp/B0GPMDLMGS\",\"title\":\"Amazon.com: Golf Shoe Bag Breathable Portable Golf Shoe Storage ...\",\"content\":\"[DURABLE POLYESTER MATERIAL] Crafted from high-quality polyester, this golf shoe bag is built to last. It resists scratches, wear, and tear while offering and\",\"score\":0.79580134,\"raw_content\":null},{\"url\":\"https://www.amazon.com/BAGS-USA-Durable-Stain-Resistant/dp/B00UOUX7T2\",\"title\":\"BAGS USA Golf Shoe Bag Durable Water Resistant, Fits Up to Size ...\",\"content\":\"Great bag to stow away your golf shoe when you travel. Durable water resistant 600 denier polyester, Grab handle. Size: 14\\\" width x 7 1/2\\\" depth x 4\",\"score\":0.776708,\"raw_content\":null},{\"url\":\"https://www.amazon.ae/Golf-Shoe-Bags/b?ie=UTF8&node=12285626031\",\"title\":\"Shoe Bags: Sporting Goods - Amazon.ae\",\"content\":\"Golf Shoe Bag - Zippered Shoe Carrier Bags With Ventilation & Outside Pocket for Socks, Tees,Golf Balls etc. Perfect Storage ，Golf Shoe Bag for Travel (black).\",\"score\":0.750937,\"raw_content\":null},{\"url\":\"https://www.amazon.com/Best-Sellers-Golf-Shoe-Bags/zgbs/sporting-goods/3411131\",\"title\":\"Amazon Best Sellers: Best Golf Shoe Bags\",\"content\":\"Athletico Golf Shoe Bag - Zippered Shoe Carrier Bags With Ventilation & Outside Pocket for Socks, Tees, etc. Perfect Storage (Black)\",\"score\":0.6929958,\"raw_content\":null},{\"url\":\"https://www.amazon.com/CaddyDaddy-Golf-Shoe-Bag-Premium/dp/B09B2RM5Q4\",\"title\":\"Amazon.com: CaddyDaddy Premium Golf Shoe Bag Zipper Sports ...\",\"content\":\"The large side pockets have plenty of room for all of your ball, tees, gloves, divot tools and more. The huge front pocket can easily carry a range finder and\",\"score\":0.6533265,\"raw_content\":null}],\"response_time\":0.69,\"request_id\":\"ec9b0830-4b45-49dd-9780-91d704953810\"}"
}

