[2026-06-22T07:03:34.024Z] cli.command
{
  "command": "search",
  "args": {
    "text": "Amazon bicycle multitool repair tool kit listing image examples",
    "limit": "5",
    "vendor": []
  }
}

[2026-06-22T07:03:34.025Z] http.request
{
  "url": "https://api.tavily.com/search",
  "method": "POST",
  "headers": {
    "Authorization": "Bearer t****",
    "Content-Type": "application/json"
  },
  "body": {
    "query": "Amazon bicycle multitool repair tool kit listing image examples",
    "max_results": 5,
    "include_answer": false
  }
}

[2026-06-22T07:03:36.551Z] http.response
{
  "url": "https://api.tavily.com/search",
  "statusCode": 200,
  "body": "{\"query\":\"Amazon bicycle multitool repair tool kit listing image examples\",\"follow_up_questions\":null,\"answer\":null,\"images\":[],\"results\":[{\"url\":\"https://www.amazon.com/EMERK-Bike-Repair-Tool-Kit/dp/B0F9W8C5XW\",\"title\":\"Amazon.com : EMERK Bike Repair Tool Kit, Portable Bicycle Multi ...\",\"content\":\"BIKE REPAIR TOOL KIT-EMERK Bike Repair Tool Kit includes portable bag，extension rod，anti-slip handle,ratchet wrench head, 10 tool bits and tire levers for road\",\"score\":0.7606688,\"raw_content\":null},{\"url\":\"https://www.amazon.com/Best-Sellers-Bike-Multifunction-Tools/zgbs/sporting-goods/3405591\",\"title\":\"Amazon Best Sellers: Best Bike Multifunction Tools\",\"content\":\"EMERK Bike Repair Tool Kit – Bicycle Multi-Tool Kit with Mini Pump, Ratchet Wrench & 10 Tool Bits, Tire Levers and Portable Bag for Mountain,\",\"score\":0.756376,\"raw_content\":null},{\"url\":\"https://www.amazon.com/AaiLucky-Repair-Bicycle-Multitool-Capacity/dp/B0CP2NQM1R\",\"title\":\"AaiLucky Bicycle Saddle Bag with 16-in-1 Multitool & Tail Light ...\",\"content\":\"The bike repair set includes a bike saddle bag, mini bicycle bicycle repair tool kit, hex key, tire repair kits which comes with glueless patches, bike tire\",\"score\":0.6664756,\"raw_content\":null},{\"url\":\"https://www.amazon.com/Bicycle-Camping-Multitool-Wrenches-Mountain/dp/B0DKT4Q5GV\",\"title\":\"Bike Repair Kit, Bicycle Repair Bag With Tire Pump ... - Amazon.com\",\"content\":\"16-in-1 Bike Multitool, Bicycle Tire Repair Kit, 4mm and 5mm Allen Wrenches, Used for Mountain Bike and Road Bike\",\"score\":0.65359193,\"raw_content\":null},{\"url\":\"https://www.youtube.com/watch?v=RxQprc-zUXg\",\"title\":\"7 Cheap Amazon Cycling Tools You Should Try!\",\"content\":\"7 Cheap Amazon Cycling Tools You Should Try!\\nCycling Weekly\\n316000 subscribers\\n563 likes\\n37906 views\\n10 Oct 2023\\nLINKS:\\nTubeless Reapir Kit: https://hawk.ly/m/Weldtite-Tubeless-Repair-Kit/i/CWAA56\\nTool Kit: https://hawk.ly/m/CozyRoomy-Tool-Kit/i/CWAA55\\nTyre Lever: https://hawk.ly/m/Tru-Tension-Tyre-Lever/i/CWAA54\\nAirTag Holder: https://hawk.ly/m/Airtag-Holder/i/CWAA57\\nReHook Tyre Glider: https://hawk.ly/m/Rehook-Tyre-Glider/i/CWAA53\\nSmart Pump: https://hawk.ly/m/Electric-Portable-Inflator/i/CWAA58\\n\\nAmazon is full of fantastic cycling products so we have dug out some of the best. Sam Gupta has been trawling through some of the most popular bike maintenance products on Amazon to test and find out which are actually worth purchasing. Some are very small and cheap like the AirTag holder, others may cost a little more upfront but still deliver incredible value compared to other options on the market like the Cozyroom tool kit. If you want to find any brilliant 2024 Amazon Prime Day deals then click on any of the links above!\\n\\n00:00 - Intro\\n00:37 - Tubeless Repair Kit\\n02:05 - Tool Kit\\n03:54 - Tru-Tension Tyre Lever\\n04:59 - AirTag holder\\n05:40 - Tyre Glider\\n06:26 - Smart Air Pump\\n07:32 - Outro\\n\\nSubscribe to Cycling Weekly here: https://www.youtube.com/user/CyclingWeekly1?sub_confirmation=1\\n\\nMore at:\\nCycling Weekly: http://www.cyclingweekly.com\\nFacebook: https://www.facebook.com/CyclingWeekly\\nInstagram: https://instagram.com/cyclingweeklymagazine\\nTwitter: http://twitter.com/cyclingweekly\\nEmail: cycling@futurenet.com\\n\\n#cycling #bikes #bicycles\\n40 comments\\n\",\"score\":0.5931622,\"raw_content\":null}],\"response_time\":1.2,\"request_id\":\"8b1bcdbe-c50b-46f3-a4df-06581f48e7e8\"}"
}

