[2026-06-17T20:50:50.708Z] cli.command
{
  "command": "search",
  "args": {
    "text": "Amazon desktop cup holder clip organizer product image",
    "limit": "3",
    "vendor": []
  }
}

[2026-06-17T20:50:50.708Z] http.request
{
  "url": "https://api.tavily.com/search",
  "method": "POST",
  "headers": {
    "Authorization": "Bearer t****",
    "Content-Type": "application/json"
  },
  "body": {
    "query": "Amazon desktop cup holder clip organizer product image",
    "max_results": 3,
    "include_answer": false
  }
}

[2026-06-17T20:50:52.474Z] http.response
{
  "url": "https://api.tavily.com/search",
  "statusCode": 200,
  "body": "{\"query\":\"Amazon desktop cup holder clip organizer product image\",\"follow_up_questions\":null,\"answer\":null,\"images\":[],\"results\":[{\"url\":\"https://www.amazon.com/ENHANCE-Holder-Desktop-Clamp-Organizer/dp/B07HHF7MZ9\",\"title\":\"ENHANCE Clip On Desk Cup Holder - Desktop Organizer Clamp ...\",\"content\":\"Color. Black ; Material. Alloy Steel, Metal ; Brand. ENHANCE ; Product Dimensions. 7.8\\\"L x 7.1\\\"W x 2.8\\\"H ; Unit Count. 1.0 Count.\",\"score\":0.8364614,\"raw_content\":null},{\"url\":\"https://www.amazon.com/ABOOFAN-Desktop-Portable-Convenient-Organization/dp/B0F89L9RT4\",\"title\":\"ABOOFAN Desktop Cup Holder Clip Portable Table Side Drink ...\",\"content\":\"Color. Light Grey · Material. Nylon Glass Fiber, PP · Brand. ABOOFAN · Product Dimensions. 7.09\\\"L x 3.62\\\"W x 3.07\\\"H · Manufacturer. ABOOFAN.\",\"score\":0.8005209,\"raw_content\":null},{\"url\":\"https://www.amazon.com/Kalolary-Pieces-Drinking-Holder-Storage/dp/B0B45RYZKX\",\"title\":\"2PCS Drinking Cup Holder Clip, Kalolary Desk Bottle ... - Amazon.com\",\"content\":\"2PCS Drinking Cup Holder Clip, Kalolary Desk Bottle Cup Stand DIY Glass Clamp Storage Saucer ... Product image gallery.\",\"score\":0.78886026,\"raw_content\":null}],\"response_time\":0.71,\"request_id\":\"9ade5969-2c1f-4def-8bc5-0a12ee5337f5\"}"
}

