[2026-06-23T08:28:04.552Z] cli.command
{
  "command": "search",
  "args": {
    "text": "Amazon 7 inch black memorial photo frame main image ecommerce examples",
    "limit": "5",
    "vendor": []
  }
}

[2026-06-23T08:28:04.552Z] http.request
{
  "url": "https://api.tavily.com/search",
  "method": "POST",
  "headers": {
    "Authorization": "Bearer t****",
    "Content-Type": "application/json"
  },
  "body": {
    "query": "Amazon 7 inch black memorial photo frame main image ecommerce examples",
    "max_results": 5,
    "include_answer": false
  }
}

[2026-06-23T08:28:06.599Z] http.response
{
  "url": "https://api.tavily.com/search",
  "statusCode": 200,
  "body": "{\"query\":\"Amazon 7 inch black memorial photo frame main image ecommerce examples\",\"follow_up_questions\":null,\"answer\":null,\"images\":[],\"results\":[{\"url\":\"https://www.amazon.com/black-picture-frames-5x7/s?k=black+picture+frames+5x7\",\"title\":\"Amazon.com : black picture frames 5x7\",\"content\":\"# Amazon.com : black picture frames 5x7. 1.   Image 5: KINLINK 5x7 Picture Frame Black Set of 4, Wooden Photo Frames Matted 4x6 with Plexiglass for 4x6 with Mat or 5x7 without Mat for Table and Wall Display KINLINK 5x7 Picture Frame Black Set of 4, Wooden Photo Frames Matted 4x6 with Plexiglass for 4x6 with Mat or 5x7 without Mat for Table and Wall Display KINLINK 5x7 Picture Frame Black Set of 4, Wooden Phot… 4.5 _4.5 out of 5 stars._(1.9k)$14.49$14.49 ($3.62$3.62 / count). 2.   Image 6: KINLINK 5x7 Picture Frame White Set of 4, Wooden Photo Frames Matted 4x6 with Plexiglass for 4x6 with Mat or 5x7 without Mat for Table and Wall Display KINLINK 5x7 Picture Frame White Set of 4, Wooden Photo Frames Matted 4x6 with Plexiglass for 4x6 with Mat or 5x7 without Mat for Table and Wall Display KINLINK 5x7 Picture Frame White Set of 4, Wooden Phot… 4.5 _4.5 out of 5 stars._(1.9k)$13.99$13.99 ($3.50$3.50 / count).\",\"score\":0.4187688,\"raw_content\":null},{\"url\":\"https://www.facebook.com/eSaviourLTD/posts/a-amazon-listing-images-design-play-vital-role-for-your-success-if-you-need-a-pr/810315231188062\",\"title\":\"A Amazon listing images design play vital role for your success. If ...\",\"content\":\"The main types of images that work very well for products on Amazon are: 1. The main listing photo (mandatory!) 2. An image to communicate\",\"score\":0.16170406,\"raw_content\":null},{\"url\":\"https://www.alibaba.com/product-detail/White-Deep-Wood-Shadowbox-Picture-Frame_1601426859382.html\",\"title\":\"White Deep Wood Shadowbox Picture Frame Box for Display Dried ...\",\"content\":\"We supply to major e-commerce platform sellers (such as AMAZON, LAZADA, SHEIN).Customers are welcome to customize samples, we will meet customer requirements.\",\"score\":0.12820852,\"raw_content\":null},{\"url\":\"https://us.amazon.com/Best-Sellers-Photo-Albums,-Frames-Accessories/zgbs/home-garden/21557027011\",\"title\":\"Amazon Best Sellers: Best Photo Albums, Frames & Accessories\",\"content\":\"Discover the best Photo Albums, Frames & Accessories in Best Sellers. Find the top 100 most popular items in Amazon Home & Kitchen Best Sellers.\",\"score\":0.06909459,\"raw_content\":null},{\"url\":\"https://www.instagram.com/reel/C9hvj27B5Fu\",\"title\":\"This digital picture frame is over 20% off for Amazon Prime Day!\",\"content\":\"It's Black Friday week, so get those front doors ready for a lot of package deliveries ✨ But don't stress about finishing all your\",\"score\":0.06738094,\"raw_content\":null}],\"response_time\":0.98,\"request_id\":\"dc614dda-eb2c-434f-8e5e-b5f4d2557103\"}"
}

