[2026-06-01T16:43:46.410Z] cli.command
{
  "command": "search",
  "args": {
    "text": "Amazon portable mini washing machine listing image foldable washer infographic examples",
    "limit": "5",
    "vendor": []
  }
}

[2026-06-01T16:43:46.410Z] http.request
{
  "url": "https://api.tavily.com/search",
  "method": "POST",
  "headers": {
    "Authorization": "Bearer t****",
    "Content-Type": "application/json"
  },
  "body": {
    "query": "Amazon portable mini washing machine listing image foldable washer infographic examples",
    "max_results": 5,
    "include_answer": false
  }
}

[2026-06-01T16:43:48.194Z] http.response
{
  "url": "https://api.tavily.com/search",
  "statusCode": 200,
  "body": "{\"query\":\"Amazon portable mini washing machine listing image foldable washer infographic examples\",\"follow_up_questions\":null,\"answer\":null,\"images\":[],\"results\":[{\"url\":\"https://www.amazon.com/Mini-Portable-Washing-Machine-Lightweight/dp/B09V3C2RKL\",\"title\":\"Mini Portable Washing Machine - Small Foldable Bucket Washer for ...\",\"content\":\"Only 4 inches thick. Perfect portable washer for apartments, condos, motor homes, RVs, camping, and more. Wash your clothes whenever and wherever you want!\",\"score\":0.9999784,\"raw_content\":null},{\"url\":\"https://www.amazon.com/Portable-Upgraded-Lapacity-Apartments-Dormitories/dp/B0CZNY8XN3\",\"title\":\"Amazon.com: 11L Mini Portable Folding Washing Machine, Large ...\",\"content\":\"Foldable design with larger capacity: Foldable design, the folded size is 30*30*14cm/11.6 x 11.6 x 5.7 inches. With a wash capacity of 2.64 lbs/8 liters,\",\"score\":0.99997413,\"raw_content\":null},{\"url\":\"https://www.amazon.com/Portable-Washing-Machine-Foldable-Cleaning/dp/B0D2K9W34C\",\"title\":\"Amazon.com: 11L Portable Washing Machine with Foldable Design ...\",\"content\":\"11L Portable Washing Machine with Foldable Design and 3 Cleaning Modes - Mini Washer for Baby Clothes, Underwear, Socks, and Small Items - Ideal for Apartment,\",\"score\":0.9999695,\"raw_content\":null},{\"url\":\"https://www.amazon.com/Best-Sellers-Portable-Clothes-Washing-Machines/zgbs/appliances/9709422011\",\"title\":\"Amazon Best Sellers: Best Portable Clothes Washing Machines\",\"content\":\"# Amazon Best Sellers. Portable Washing Machine, Folding 20L Mini Washer and Spin-Dryer, 3 Cleaning Modes & Deep Cleaning Small Compact Laundry Mach. 20L Portable Washing Machine, Foldable Mini Washer and Spin Dryer Combo with 3 Wash Modes, Deep Cleaning Compact Laundry Mach. Portable Washing Machine - 16L Mini Foldable Washer with Spin Basket, 3 Cleaning Modes & Deep Cleaning for Small Clothes, Col. Portable Washing Machine, 20L Upgraded with Spin Basket Laundry Machine, 3 Modes Deep Cleaning, Upgraded Small Collapsible La. COMFEE' Portable Washing Machine, 0.9 cu.ft Compact Washer With LED Display, 5 Wash Cycles, 2 Built-in Rollers, Space Saving. Portable Mini Washing Machine, 20L Upgraded with Spin Basket Laundry Machine, 3 Modes Deep Cleaning for Baby Clothes, Underwe. Portable Washing Machine 20L —Small Foldable Washer with Spin Basket, 3 Mode Deep Clean — Mini Laundry Machine for Travel, Do. Giantex Portable Mini Compact Twin Tub Washing Machine 20lbs Washer Spain Spinner Portable Washing Machine, Blue+ White.\",\"score\":0.99995804,\"raw_content\":null},{\"url\":\"https://www.amazon.com/mini-portable-washing-machine/s?k=mini+portable+washing+machine\",\"title\":\"Mini Portable Washing Machine - Amazon.com\",\"content\":\"Mini Washing Machine 16L Foldable Small Washer for Underwear, Socks, Baby Clothes - 3 Cleaning Modes with Spin Dryer Basket Ideal for Apartment, RV, Travel,\",\"score\":0.9999573,\"raw_content\":null}],\"response_time\":0.84,\"request_id\":\"c8f7606e-8d5b-4d2f-b610-3a5cc34eec35\"}"
}

