[2026-06-23T12:45:12.725Z] cli.command
{
  "command": "search",
  "args": {
    "text": "Amazon stainless steel cutting board with handles listing image examples",
    "limit": "5",
    "vendor": []
  }
}

[2026-06-23T12:45:12.726Z] http.request
{
  "url": "https://api.tavily.com/search",
  "method": "POST",
  "headers": {
    "Authorization": "Bearer t****",
    "Content-Type": "application/json"
  },
  "body": {
    "query": "Amazon stainless steel cutting board with handles listing image examples",
    "max_results": 5,
    "include_answer": false
  }
}

[2026-06-23T12:45:14.785Z] http.response
{
  "url": "https://api.tavily.com/search",
  "statusCode": 200,
  "body": "{\"query\":\"Amazon stainless steel cutting board with handles listing image examples\",\"follow_up_questions\":null,\"answer\":null,\"images\":[],\"results\":[{\"url\":\"https://www.amazon.com/Stainless-Cutting-Chopping-Built-Kitchen/dp/B0DT124P3W\",\"title\":\"Stainless Steel Cutting Board, Chopping Board, With Built-in Handle ...\",\"content\":\"STAINLESS STEEL: Double-sided 304-stainless steel cutting board. · DURABLE: Built to last stainless steel metal that is strong and eco-friendly. · BUILT-IN HANDLE\",\"score\":0.69049704,\"raw_content\":null},{\"url\":\"https://www.amazon.com/Cutting-Boards-Mats-Sets-Stainless-Steel/s?rh=n%3A23944790011%2Cp_n_g-1004162223091%3A3254115011&srl=grid&page=2&xpid=dFh_rhmYxe7qn&ref=is_ps_1\",\"title\":\"Amazon.com: Stainless Steel - Cutting Boards, Mats & Sets / Kitchen ...\",\"content\":\"Stainless Steel Cutting Board, Chopping Board, With Built-in Handle. Steel Cutting Boards for Kitchen, Sturdy and Thick, 18 x 11.5 inches. Built-in Juice\",\"score\":0.6836946,\"raw_content\":null},{\"url\":\"https://www.amazon.com/Best-Sellers-Cutting-Boards/zgbs/kitchen/289863\",\"title\":\"Amazon Best Sellers: Best Cutting Boards\",\"content\":\"Astercook Deep-Carbonized Bamboo Cutting Boards for Kitchen with Wood Storage Stand, Reversible Charcuterie & Chopping Boards with Juice Grooves and Easy-Grip Handles, Fathers Day Gift for Men. Astercook Deep-Carbonized Bamboo Cutting Boards for Kitchen with Wood Storage Stand, Reversible Charcuterie & Chopping Boards. Titanium Cutting Board for Kitchen, Cutting Board Double Sided Food Grade, Pure Titanium/PP, Easy to Clean Large Size 15”×10.3”. Kikcoin 17”×11” Bamboo Cutting Boards for Kitchen, Healthy Wooden Cutting Boards for Kitchen, Charcuterie, Extra Large Chopping Boards with Deep Juice Groove, Fathers Day Gift for Men, Natural. SNOWCLAD Stainless Steel Cutting Board,Double Sided Steel Bread Boards for kitchen,Stainless Steel/Wheat straw pp Large Board for meat,non toxic Chopping,Dishwasher Safe,16 \\\\* 11 Inch. THETCHRY Plastic Cutting Board Set of 3-Cutting Boards for Kitchen BPA Free, Large-Small Chopping Boards Non-Slip for Cooking Camping Dishwasher Safe, Reversible, with Grip Handle, 15\\\"×10\\\"×0.25\\\" Green. THETCHRY Plastic Cutting Board Set of 3-Cutting Boards for Kitchen BPA Free, Large-Small Chopping Boards Non-Slip for Cooking.\",\"score\":0.58919704,\"raw_content\":null},{\"url\":\"https://www.amazon.com/BILLAMB-Stainless-Suitable-Vegetables-Large-sized/dp/B0C7CV5CQR\",\"title\":\"BILLAMB Stainless Steel Cutting Boards for The Kitchen, Suitable ...\",\"content\":\"This cutting board is made of durable stainless steel with a thickness of 0.15 cm (0.06 in), perfect for handling heavy cutting tasks in the kitchen.\",\"score\":0.5063723,\"raw_content\":null},{\"url\":\"https://www.amazon.com/gp/new-releases/kitchen/23944790011\",\"title\":\"Amazon.com New Releases: The best-selling new & future releases in Cutting Boards, Mats & Sets\",\"content\":\"Stron- Dura Cutting Board - 304 Food Grade Stainless Steel Cutting Boards for Kitchen- for cutting Meat, Fruit, Vegetables, Outdoor or Indoor 11.5\\\" X 8\\\" (1, Small). Titanium Cutting Boards for Kitchen, 100% Pure Titanium Double Sided Food Grade, Perfect for Sushi, Meat, Vegetables & Meal Prep Easy to Clean 14\\\"x10\\\". 2026 NEW Titanium Cutting Boards for Kitchen, 100% Pure Titanium Kneading Cutting Board with Silicone Mat, Large Cutting Board for Meat, Fruits, Vegetables, Bread, and Baking (15.7 x 11.8 in). 2026 NEW Titanium Cutting Boards for Kitchen, 100% Pure Titanium Kneading Cutting Board with Silicone Mat, Large Cutting Boar. 2026 New L-shaped Titanium Cutting Board with Lip, 100% Pure Titanium Cutting Boards for Kitchen Dishwasher Safe, Food-Grade. 2026 New L-shaped Titanium Cutting Board with Lip, 100% Pure Titanium Cutting Boards for Kitchen Dishwasher Safe, Food-Grade Metal Chopping Board Mat for Meat & Cooking Tasks (L, 15.8”×11.8”). Titanium Cutting Board Set of 3, 100% Pure Titanium Food Grade Kitchen Chopping Board, Double-Sided Non-Toxic Easy to Clean &.\",\"score\":0.4129331,\"raw_content\":null}],\"response_time\":0.97,\"request_id\":\"9d7283d5-be5f-49bb-864f-e57f78139cb7\"}"
}

